# JRE version: OpenJDK Runtime Environment Temurin-21.0.9+10 (21.0.9+10) (build 21.0.9+10-LTS)
# Java VM: OpenJDK 64-Bit Server VM Temurin-21.0.9+10 (21.0.9+10-LTS, mixed mode, tiered, compressed oops, compressed class ptrs, g1 gc, windows-amd64)
GC Precious Log:
 CardTable entry size: 512
 Card Set container configuration: InlinePtr #cards 4 size 8 Array Of Cards #cards 16 size 48 Howl #buckets 8 coarsen threshold 3686 Howl Bitmap #cards 512 size 80 coarsen threshold 460 Card regions per heap region 1 cards per card region 4096
 CPUs: 8 total, 8 available
 Memory: 16167M
 Large Page Support: Disabled
 NUMA Support: Disabled
 Compressed Oops: Enabled (Zero based)
 Heap Region Size: 2M
 Heap Min Capacity: 8M
 Heap Initial Capacity: 254M
 Heap Max Capacity: 4042M
 Pre-touch: Disabled
 Parallel Workers: 8
 Concurrent Workers: 2
 Concurrent Refinement Workers: 8
 Periodic GC: Disabled
Heap:
 garbage-first heap   total 141312K, used 95847K [0x0000000703600000, 0x0000000800000000)
  region size 2048K, 5 young (10240K), 3 survivors (6144K)
 Metaspace       used 80632K, committed 81728K, reserved 1179648K
  class space    used 9107K, committed 9600K, reserved 1048576K
GC Heap History (20 events):
Event: 5.208 GC heap before
{Heap before GC invocations=10 (full 0):
 garbage-first heap   total 65536K, used 52537K [0x0000000703600000, 0x0000000800000000)
  region size 2048K, 12 young (24576K), 2 survivors (4096K)
 Metaspace       used 59367K, committed 60352K, reserved 1114112K
  class space    used 6621K, committed 7104K, reserved 1048576K
}
Event: 5.211 GC heap after
{Heap after GC invocations=11 (full 0):
 garbage-first heap   total 65536K, used 37187K [0x0000000703600000, 0x0000000800000000)
  region size 2048K, 2 young (4096K), 2 survivors (4096K)
 Metaspace       used 59367K, committed 60352K, reserved 1114112K
  class space    used 6621K, committed 7104K, reserved 1048576K
}
Event: 5.553 GC heap before
{Heap before GC invocations=12 (full 0):
 garbage-first heap   total 69632K, used 55619K [0x0000000703600000, 0x0000000800000000)
  region size 2048K, 10 young (20480K), 2 survivors (4096K)
 Metaspace       used 60862K, committed 61824K, reserved 1114112K
  class space    used 6827K, committed 7232K, reserved 1048576K
}
Event: 5.556 GC heap after
{Heap after GC invocations=13 (full 0):
 garbage-first heap   total 69632K, used 40850K [0x0000000703600000, 0x0000000800000000)
  region size 2048K, 2 young (4096K), 2 survivors (4096K)
 Metaspace       used 60862K, committed 61824K, reserved 1114112K
  class space    used 6827K, committed 7232K, reserved 1048576K
}
Event: 5.925 GC heap before
{Heap before GC invocations=13 (full 0):
 garbage-first heap   total 69632K, used 55186K [0x0000000703600000, 0x0000000800000000)
  region size 2048K, 10 young (20480K), 2 survivors (4096K)
 Metaspace       used 63599K, committed 64640K, reserved 1114112K
  class space    used 7154K, committed 7616K, reserved 1048576K
}
Event: 5.930 GC heap after
{Heap after GC invocations=14 (full 0):
 garbage-first heap   total 69632K, used 43420K [0x0000000703600000, 0x0000000800000000)
  region size 2048K, 2 young (4096K), 2 survivors (4096K)
 Metaspace       used 63599K, committed 64640K, reserved 1114112K
  class space    used 7154K, committed 7616K, reserved 1048576K
}
Event: 6.479 GC heap before
{Heap before GC invocations=14 (full 0):
 garbage-first heap   total 69632K, used 57756K [0x0000000703600000, 0x0000000800000000)
  region size 2048K, 10 young (20480K), 2 survivors (4096K)
 Metaspace       used 67836K, committed 68864K, reserved 1114112K
  class space    used 7649K, committed 8064K, reserved 1048576K
}
Event: 6.482 GC heap after
{Heap after GC invocations=15 (full 0):
 garbage-first heap   total 69632K, used 45964K [0x0000000703600000, 0x0000000800000000)
  region size 2048K, 2 young (4096K), 2 survivors (4096K)
 Metaspace       used 67836K, committed 68864K, reserved 1114112K
  class space    used 7649K, committed 8064K, reserved 1048576K
}
Event: 6.561 GC heap before
{Heap before GC invocations=16 (full 0):
 garbage-first heap   total 92160K, used 76684K [0x0000000703600000, 0x0000000800000000)
  region size 2048K, 8 young (16384K), 2 survivors (4096K)
 Metaspace       used 67843K, committed 68864K, reserved 1114112K
  class space    used 7649K, committed 8064K, reserved 1048576K
}
Event: 6.562 GC heap after
{Heap after GC invocations=17 (full 0):
 garbage-first heap   total 92160K, used 64694K [0x0000000703600000, 0x0000000800000000)
  region size 2048K, 1 young (2048K), 1 survivors (2048K)
 Metaspace       used 67843K, committed 68864K, reserved 1114112K
  class space    used 7649K, committed 8064K, reserved 1048576K
}
Event: 7.210 GC heap before
{Heap before GC invocations=17 (full 0):
 garbage-first heap   total 92160K, used 87222K [0x0000000703600000, 0x0000000800000000)
  region size 2048K, 7 young (14336K), 1 survivors (2048K)
 Metaspace       used 67895K, committed 68928K, reserved 1114112K
  class space    used 7656K, committed 8128K, reserved 1048576K
}
Event: 7.211 GC heap after
{Heap after GC invocations=18 (full 0):
 garbage-first heap   total 96256K, used 77166K [0x0000000703600000, 0x0000000800000000)
  region size 2048K, 1 young (2048K), 1 survivors (2048K)
 Metaspace       used 67895K, committed 68928K, reserved 1114112K
  class space    used 7656K, committed 8128K, reserved 1048576K
}
Event: 7.243 GC heap before
{Heap before GC invocations=18 (full 0):
 garbage-first heap   total 96256K, used 77166K [0x0000000703600000, 0x0000000800000000)
  region size 2048K, 2 young (4096K), 1 survivors (2048K)
 Metaspace       used 67895K, committed 68928K, reserved 1114112K
  class space    used 7656K, committed 8128K, reserved 1048576K
}
Event: 7.244 GC heap after
{Heap after GC invocations=19 (full 0):
 garbage-first heap   total 96256K, used 77115K [0x0000000703600000, 0x0000000800000000)
  region size 2048K, 1 young (2048K), 1 survivors (2048K)
 Metaspace       used 67895K, committed 68928K, reserved 1114112K
  class space    used 7656K, committed 8128K, reserved 1048576K
}
Event: 7.400 GC heap before
{Heap before GC invocations=20 (full 0):
 garbage-first heap   total 141312K, used 97595K [0x0000000703600000, 0x0000000800000000)
  region size 2048K, 5 young (10240K), 1 survivors (2048K)
 Metaspace       used 67896K, committed 68928K, reserved 1114112K
  class space    used 7656K, committed 8128K, reserved 1048576K
}
Event: 7.401 GC heap after
{Heap after GC invocations=21 (full 0):
 garbage-first heap   total 141312K, used 89404K [0x0000000703600000, 0x0000000800000000)
  region size 2048K, 1 young (2048K), 1 survivors (2048K)
 Metaspace       used 67896K, committed 68928K, reserved 1114112K
  class space    used 7656K, committed 8128K, reserved 1048576K
}
Event: 8.839 GC heap before
{Heap before GC invocations=21 (full 0):
 garbage-first heap   total 141312K, used 126268K [0x0000000703600000, 0x0000000800000000)
  region size 2048K, 20 young (40960K), 1 survivors (2048K)
 Metaspace       used 76693K, committed 77760K, reserved 1179648K
  class space    used 8679K, committed 9152K, reserved 1048576K
}
Event: 8.846 GC heap after
{Heap after GC invocations=22 (full 0):
 garbage-first heap   total 141312K, used 91601K [0x0000000703600000, 0x0000000800000000)
  region size 2048K, 2 young (4096K), 2 survivors (4096K)
 Metaspace       used 76693K, committed 77760K, reserved 1179648K
  class space    used 8679K, committed 9152K, reserved 1048576K
}
Event: 9.296 GC heap before
{Heap before GC invocations=22 (full 0):
 garbage-first heap   total 141312K, used 126417K [0x0000000703600000, 0x0000000800000000)
  region size 2048K, 20 young (40960K), 2 survivors (4096K)
 Metaspace       used 80601K, committed 81664K, reserved 1179648K
  class space    used 9107K, committed 9600K, reserved 1048576K
}
Event: 9.301 GC heap after
{Heap after GC invocations=23 (full 0):
 garbage-first heap   total 141312K, used 93799K [0x0000000703600000, 0x0000000800000000)
  region size 2048K, 3 young (6144K), 3 survivors (6144K)
 Metaspace       used 80601K, committed 81664K, reserved 1179648K
  class space    used 9107K, committed 9600K, reserved 1048576K
}

